<?xml version="1.0" encoding="UTF-8" ?>
<testsuite errors="0" failures="0" hostname="Andre-ПК" name="ua.goit.andre.ee2.ExecutorTest" skipped="0" tests="7" time="0.144" timestamp="2016-04-10T21:03:18">
  <properties>
[...]
</properties>
  <testcase classname="ua.goit.andre.ee2.ExecutorTest" name="testEmptyExecutor" time="0.008" />
  <testcase classname="ua.goit.andre.ee2.ExecutorTest" name="testInValidResultsBeforeExecute" time="0.002" />
  <testcase classname="ua.goit.andre.ee2.ExecutorTest" name="testAddTaskAfterExecute" time="0.002" />
  <testcase classname="ua.goit.andre.ee2.ExecutorTest" name="testAddTaskValidator" time="0.007" />
  <testcase classname="ua.goit.andre.ee2.ExecutorTest" name="testAddTaskValidatorAfterExecute" time="0.0" />
  <testcase classname="ua.goit.andre.ee2.ExecutorTest" name="testValidResultsBeforeExecute" time="0.001" />
  <testcase classname="ua.goit.andre.ee2.ExecutorTest" name="testAddTask" time="0.001" />
  <system-out><![CDATA[]]></system-out>
  <system-err><![CDATA[]]></system-err>
</testsuite>
